2024-09-05 00:55:40,101 I(5026|5091)[ME2147483646]release
2024-09-05 00:55:42,277 I(5026|5050)[SP_KPI][Media][OPEN_CAMERA]: 1100ms
2024-09-05 00:55:48,153 I(5026|5748)[ME10]release
2024-09-05 00:55:48,172 I(5026|5748)[ME1]release
2024-09-05 00:55:48,198 I(5026|5748)[ME2]release
2024-09-05 00:55:48,212 I(5026|5748)[ME3]release
2024-09-05 00:55:48,226 I(5026|5748)[ME4]release
2024-09-05 00:55:48,248 I(5026|5069)[ME5]release
2024-09-05 00:55:48,273 I(5026|5069)[ME6]release
2024-09-05 00:55:48,291 I(5026|5069)[ME8]release
2024-09-05 00:55:48,361 I(5026|5748)[ME1]stop
2024-09-05 00:55:48,365 I(5026|5748)[SP_KPI][Media][STOP_PLAYER][MAINTENANCE_MEDIA] begin
2024-09-05 00:55:48,367 I(5026|5069)[ME1]release
2024-09-05 00:55:48,367 I(5026|5069)[SP_KPI][Media][RELEASE_PLAYER][MAINTENANCE_MEDIA] begin
2024-09-05 00:57:56,442 I(5026|5748)[SP_KPI][Media][OPEN_CAMERA]: 29ms
2024-09-05 00:59:22,385 I(5026|6648)[SP_KPI][Media][START_RECORDER][MAINTENANCE_MEDIA] begin
2024-09-05 00:59:22,555 I(5026|6648)[SP_KPI][Media][START_RECORDER] end
2024-09-05 00:59:22,670 I(5026|6648)[SP_KPI][Media][OPEN_CAMERA]: 76ms
2024-09-05 00:59:26,627 I(5026|5425)[SP_KPI][Media][STOP_RECORDER][MAINTENANCE_MEDIA] begin
2024-09-05 01:02:36,492 I(5026|6648)[SP_KPI][Media][OPEN_CAMERA]: 27ms
2024-09-08 11:34:12,859 I(3834|4051)[ME2147483646]release
2024-09-08 11:34:14,097 I(3834|3867)[SP_KPI][Media][OPEN_CAMERA]: 1087ms
2024-09-08 11:34:15,248 I(3834|3851)[ME10]release
2024-09-08 11:34:15,270 I(3834|3867)[ME1]release
2024-09-08 11:34:15,286 I(3834|3867)[ME2]release
2024-09-08 11:34:15,304 I(3834|3867)[ME3]release
2024-09-08 11:34:15,305 I(3834|3851)[SP_KPI][Media][OPEN_CAMERA]: 50ms
2024-09-08 11:34:15,323 I(3834|3867)[ME4]release
2024-09-08 11:34:15,339 I(3834|3851)[ME5]release
2024-09-08 11:34:15,368 I(3834|3851)[ME6]release
2024-09-08 11:34:15,389 I(3834|3867)[ME8]release
2024-09-08 11:34:15,442 I(3834|3851)[ME1]stop
2024-09-08 11:34:15,445 I(3834|3850)[ME1]release
2024-09-08 11:38:02,675 I(3834|4074)[SP_KPI][Media][OPEN_CAMERA]: 27ms
2024-09-08 13:52:32,773 I(3704|3767)[ME2147483646]release
2024-09-08 13:52:34,197 I(3704|3731)[SP_KPI][Media][OPEN_CAMERA]: 1218ms
2024-09-08 13:52:35,067 I(3704|4249)[SP_KPI][Media][OPEN_CAMERA]: 45ms
2024-09-08 13:52:36,533 I(3704|3731)[ME10]release
2024-09-08 13:52:36,556 I(3704|4249)[ME1]release
2024-09-08 13:52:36,592 I(3704|3731)[ME2]release
2024-09-08 13:52:36,608 I(3704|4249)[ME3]release
2024-09-08 13:52:36,625 I(3704|4249)[ME4]release
2024-09-08 13:52:36,636 I(3704|4249)[ME5]release
2024-09-08 13:52:36,653 I(3704|3731)[ME6]release
2024-09-08 13:52:36,676 I(3704|3731)[ME8]release
2024-09-08 13:52:36,732 I(3704|3731)[ME1]stop
2024-09-08 13:52:36,743 I(3704|3731)[ME1]release
2024-09-08 14:14:58,252 I(3704|5032)[SP_KPI][Media][OPEN_CAMERA]: 37ms
2024-09-10 15:07:47,189 I(3744|3808)[ME2147483646]release
2024-09-10 15:07:48,631 I(3744|3768)[SP_KPI][Media][OPEN_CAMERA]: 1236ms
2024-09-10 15:07:49,555 I(3744|3762)[SP_KPI][Media][OPEN_CAMERA]: 31ms
2024-09-10 15:07:50,685 I(3744|3762)[ME10]release
2024-09-10 15:07:50,715 I(3744|4315)[ME1]release
2024-09-10 15:07:50,741 I(3744|4315)[ME2]release
2024-09-10 15:07:50,768 I(3744|4315)[ME3]release
2024-09-10 15:07:50,786 I(3744|3762)[ME4]release
2024-09-10 15:07:50,801 I(3744|4315)[ME5]release
2024-09-10 15:07:50,821 I(3744|4315)[ME6]release
2024-09-10 15:07:50,851 I(3744|4315)[ME8]release
2024-09-10 15:07:50,918 I(3744|3762)[ME1]stop
2024-09-10 15:07:50,919 I(3744|3762)[SP_KPI][Media][STOP_PLAYER][MAINTENANCE_MEDIA] begin
2024-09-10 15:07:50,927 I(3744|3768)[ME1]release
2024-09-10 15:07:50,927 I(3744|3768)[SP_KPI][Media][RELEASE_PLAYER][MAINTENANCE_MEDIA] begin
2024-09-10 15:09:28,779 I(3744|5000)[SP_KPI][Media][OPEN_CAMERA]: 29ms
2024-09-10 15:10:05,925 I(3723|3780)[ME2147483646]release
2024-09-10 15:10:07,466 I(3723|3743)[SP_KPI][Media][OPEN_CAMERA]: 1348ms
2024-09-10 15:10:08,269 I(3723|3746)[SP_KPI][Media][OPEN_CAMERA]: 27ms
2024-09-10 15:10:09,134 I(3723|4232)[ME10]release
2024-09-10 15:10:09,156 I(3723|4232)[ME1]release
2024-09-10 15:10:09,175 I(3723|4232)[ME2]release
2024-09-10 15:10:09,198 I(3723|4232)[ME3]release
2024-09-10 15:10:09,223 I(3723|4232)[ME4]release
2024-09-10 15:10:09,256 I(3723|4232)[ME5]release
2024-09-10 15:10:09,277 I(3723|4232)[ME6]release
2024-09-10 15:10:09,306 I(3723|4232)[ME8]release
2024-09-10 15:10:09,531 I(3723|3928)[ME1]stop
2024-09-10 15:10:09,531 I(3723|3928)[SP_KPI][Media][STOP_RECORDER][MAINTENANCE_MEDIA] begin
2024-09-10 15:10:09,531 I(3723|3928)[SP_KPI][Media][STOP_PLAYER][MAINTENANCE_MEDIA] begin
2024-09-10 15:10:09,535 I(3723|3928)[ME1]release
2024-09-10 15:10:09,535 I(3723|3928)[SP_KPI][Media][RELEASE_RECORDER][MAINTENANCE_MEDIA] begin
2024-09-10 15:10:09,536 I(3723|3928)[SP_KPI][Media][RELEASE_PLAYER][MAINTENANCE_MEDIA] begin
2024-09-10 15:10:26,807 I(3723|5008)[SP_KPI][Media][OPEN_CAMERA]: 29ms
2024-10-12 14:26:39,502 I(3684|3731)[ME2147483646]release
2024-10-12 14:26:40,814 I(3684|3704)[SP_KPI][Media][OPEN_CAMERA]: 1111ms
2024-10-12 14:26:41,941 I(3684|4257)[SP_KPI][Media][OPEN_CAMERA]: 45ms
2024-10-12 14:26:42,876 I(3684|3856)[ME10]release
2024-10-12 14:26:42,899 I(3684|3856)[ME1]release
2024-10-12 14:26:42,925 I(3684|3856)[ME2]release
2024-10-12 14:26:42,952 I(3684|3856)[ME3]release
2024-10-12 14:26:42,973 I(3684|3856)[ME4]release
2024-10-12 14:26:42,998 I(3684|3856)[ME5]release
2024-10-12 14:26:43,020 I(3684|4257)[ME6]release
2024-10-12 14:26:43,045 I(3684|4257)[ME8]release
2024-10-12 14:26:43,183 I(3684|3856)[ME1]stop
2024-10-12 14:26:43,184 I(3684|3856)[SP_KPI][Media][STOP_RECORDER][MAINTENANCE_MEDIA] begin
2024-10-12 14:26:43,185 I(3684|3856)[SP_KPI][Media][STOP_PLAYER][MAINTENANCE_MEDIA] begin
2024-10-12 14:26:43,193 I(3684|3856)[ME1]release
2024-10-12 14:26:43,194 I(3684|3856)[SP_KPI][Media][RELEASE_RECORDER][MAINTENANCE_MEDIA] begin
2024-10-12 14:26:43,195 I(3684|3856)[SP_KPI][Media][RELEASE_PLAYER][MAINTENANCE_MEDIA] begin
2024-10-12 14:28:10,980 I(3684|5014)[SP_KPI][Media][OPEN_CAMERA]: 40ms
2024-10-12 14:28:57,648 I(3684|5432)[SP_KPI][Media][OPEN_CAMERA]: 24ms
2024-10-12 14:29:14,590 I(5973|6010)[ME2147483646]release
2024-10-12 14:29:14,708 I(5973|5989)[SP_KPI][Media][OPEN_CAMERA]: 54ms
2024-10-12 14:29:15,607 I(5973|5989)[SP_KPI][Media][OPEN_CAMERA]: 20ms
2024-10-12 14:29:22,466 I(5973|6036)[SP_KPI][Media][OPEN_CAMERA]: 18ms
2024-10-12 14:29:25,804 I(5973|6036)[SP_KPI][Media][OPEN_CAMERA]: 587ms
2024-10-12 14:29:29,941 I(5973|6080)[SP_KPI][Media][OPEN_CAMERA]: 27ms
2024-10-12 14:29:39,544 I(5973|7081)[SP_KPI][Media][OPEN_CAMERA]: 26ms
2024-10-12 14:29:43,176 I(5973|6146)[SP_KPI][Media][OPEN_CAMERA]: 49ms
2024-10-12 14:30:42,641 I(5973|6080)[SP_KPI][Media][OPEN_CAMERA]: 23ms
2024-10-12 14:30:49,353 I(5973|6080)[SP_KPI][Media][OPEN_CAMERA]: 24ms
2024-10-12 14:30:55,169 I(5973|6146)[SP_KPI][Media][OPEN_CAMERA]: 22ms
2024-10-12 14:30:55,477 I(5973|5990)[SP_KPI][Media][START_RECORDER][MAINTENANCE_MEDIA] begin
2024-10-12 14:30:55,483 I(5973|5990)[RCD8_ME101]startVideoStream, encoder:5,remoteIp valid:false,ports:-*******/-*******,colorReversed:false,quality:1280x720_25_1800000_2,mVideoPT:104,mExtraBytesNum:0
2024-10-12 14:30:56,616 I(5973|7952)[SP_KPI][Media][CODEC_FIRST_DATA]: Poll first Codec data, isAudio: true
2024-10-12 14:30:56,679 I(5973|5990)[SP_KPI][Media][START_RECORDER] end
2024-10-12 14:30:57,718 I(5973|7870)[SP_KPI][Media][CODEC_FIRST_DATA]: Poll first Codec data, isAudio: false
2024-10-12 14:31:00,804 I(5973|6364)[SP_KPI][Media][STOP_RECORDER][MAINTENANCE_MEDIA] begin
2024-10-12 14:31:48,435 I(5973|7859)[SP_KPI][Media][OPEN_CAMERA]: 35ms
2024-10-12 14:33:09,359 I(5973|8787)[SP_KPI][Media][OPEN_CAMERA]: 23ms
2024-10-12 14:33:14,113 I(5973|5989)[SP_KPI][Media][OPEN_CAMERA]: 21ms
2024-10-12 14:33:20,224 I(5973|7859)[SP_KPI][Media][OPEN_CAMERA]: 36ms
2024-10-12 14:33:20,373 I(5973|8787)[SP_KPI][Media][START_RECORDER][MAINTENANCE_MEDIA] begin
2024-10-12 14:33:20,375 I(5973|8787)[RCD8_ME101]startVideoStream, encoder:5,remoteIp valid:false,ports:-*******/-*******,colorReversed:false,quality:1280x720_25_1800000_2,mVideoPT:104,mExtraBytesNum:0
2024-10-12 14:33:20,466 I(5973|9213)[SP_KPI][Media][CODEC_FIRST_DATA]: Poll first Codec data, isAudio: true
2024-10-12 14:33:20,525 I(5973|8787)[SP_KPI][Media][START_RECORDER] end
2024-10-12 14:33:21,630 I(5973|9193)[SP_KPI][Media][CODEC_FIRST_DATA]: Poll first Codec data, isAudio: false
2024-10-12 14:33:33,219 I(5973|8255)[SP_KPI][Media][STOP_RECORDER][MAINTENANCE_MEDIA] begin
2024-10-12 14:47:50,011 I(5973|8255)[SP_KPI][Media][OPEN_CAMERA]: 26ms
2024-10-12 14:47:53,771 I(5973|6036)[SP_KPI][Media][OPEN_CAMERA]: 581ms
2024-10-12 14:48:08,032 I(5973|8787)[SP_KPI][Media][OPEN_CAMERA]: 35ms
2024-10-12 14:48:08,173 I(5973|7859)[SP_KPI][Media][START_RECORDER][MAINTENANCE_MEDIA] begin
2024-10-12 14:48:08,175 I(5973|7859)[RCD8_ME101]startVideoStream, encoder:5,remoteIp valid:false,ports:-*******/-*******,colorReversed:false,quality:1280x720_25_1800000_2,mVideoPT:104,mExtraBytesNum:0
2024-10-12 14:48:08,264 I(5973|10434)[SP_KPI][Media][CODEC_FIRST_DATA]: Poll first Codec data, isAudio: true
2024-10-12 14:48:08,328 I(5973|7859)[SP_KPI][Media][START_RECORDER] end
2024-10-12 14:48:09,421 I(5973|10414)[SP_KPI][Media][CODEC_FIRST_DATA]: Poll first Codec data, isAudio: false
2024-10-12 14:48:20,858 I(5973|7859)[SP_KPI][Media][STOP_RECORDER][MAINTENANCE_MEDIA] begin
2024-10-12 14:48:36,110 I(5973|6036)[SP_KPI][Media][OPEN_CAMERA]: 22ms
2024-10-12 14:49:33,791 I(3680|3740)[ME2147483646]release
2024-10-12 14:49:35,264 I(3680|3728)[SP_KPI][Media][OPEN_CAMERA]: 1280ms
2024-10-12 14:49:36,017 I(3680|4252)[SP_KPI][Media][OPEN_CAMERA]: 33ms
2024-10-12 14:49:36,942 I(3680|3728)[ME10]release
2024-10-12 14:49:36,974 I(3680|3728)[ME1]release
2024-10-12 14:49:36,999 I(3680|4252)[ME2]release
2024-10-12 14:49:37,023 I(3680|4252)[ME3]release
2024-10-12 14:49:37,050 I(3680|4252)[ME4]release
2024-10-12 14:49:37,076 I(3680|4252)[ME5]release
2024-10-12 14:49:37,095 I(3680|3728)[ME6]release
2024-10-12 14:49:37,115 I(3680|3728)[ME8]release
2024-10-12 14:49:37,155 I(3680|3728)[ME1]stop
2024-10-12 14:49:37,158 I(3680|3728)[ME1]release
2024-10-12 14:49:56,364 I(3680|5009)[SP_KPI][Media][OPEN_CAMERA]: 24ms
2024-10-12 17:15:53,490 I(3744|3824)[ME2147483646]release
2024-10-12 17:15:54,197 I(3744|3775)[SP_KPI][Media][OPEN_CAMERA]: 469ms
2024-10-12 17:15:55,786 I(3744|3763)[SP_KPI][Media][OPEN_CAMERA]: 30ms
2024-10-12 17:15:56,778 I(3744|3763)[ME10]release
2024-10-12 17:15:56,823 I(3744|3763)[ME1]release
2024-10-12 17:15:56,846 I(3744|3763)[ME2]release
2024-10-12 17:15:56,864 I(3744|4292)[ME3]release
2024-10-12 17:15:56,876 I(3744|4292)[ME4]release
2024-10-12 17:15:56,889 I(3744|3953)[ME5]release
2024-10-12 17:15:56,904 I(3744|3953)[ME6]release
2024-10-12 17:15:56,924 I(3744|3953)[ME8]release
2024-10-12 17:15:56,957 I(3744|3953)[ME1]stop
2024-10-12 17:15:56,961 I(3744|3953)[ME1]release
2024-10-12 17:16:06,783 I(3744|5166)[SP_KPI][Media][OPEN_CAMERA]: 21ms
2024-10-12 17:16:10,669 I(3744|4281)[SP_KPI][Media][OPEN_CAMERA]: 126ms
2024-10-12 17:16:17,583 I(3744|5101)[SP_KPI][Media][OPEN_CAMERA]: 33ms
2024-10-12 17:16:17,750 I(3744|3775)[SP_KPI][Media][START_RECORDER][MAINTENANCE_MEDIA] begin
2024-10-12 17:16:17,754 I(3744|3775)[RCD8_ME101]startVideoStream, encoder:5,remoteIp valid:false,ports:-*******/-*******,colorReversed:false,quality:1280x720_25_1800000_2,mVideoPT:104,mExtraBytesNum:0
2024-10-12 17:16:17,896 I(3744|5625)[SP_KPI][Media][CODEC_FIRST_DATA]: Poll first Codec data, isAudio: true
2024-10-12 17:16:17,953 I(3744|3775)[SP_KPI][Media][START_RECORDER] end
2024-10-12 17:16:18,993 I(3744|5582)[SP_KPI][Media][CODEC_FIRST_DATA]: Poll first Codec data, isAudio: false
2024-10-12 17:21:33,660 I(3744|5851)[SP_KPI][Media][STOP_RECORDER][MAINTENANCE_MEDIA] begin
2024-10-12 19:01:37,120 I(3567|3596)[ME2147483646]release
2024-10-12 19:01:37,695 I(3567|3797)[SP_KPI][Media][OPEN_CAMERA]: 153ms
2024-10-12 19:01:39,061 I(3567|4175)[SP_KPI][Media][OPEN_CAMERA]: 38ms
2024-10-12 19:01:41,480 I(3567|3844)[ME10]release
2024-10-12 19:01:41,502 I(3567|4175)[ME1]release
2024-10-12 19:01:41,523 I(3567|4175)[ME2]release
2024-10-12 19:01:41,550 I(3567|4175)[ME3]release
2024-10-12 19:01:41,584 I(3567|4175)[ME4]release
2024-10-12 19:01:41,619 I(3567|4099)[ME5]release
2024-10-12 19:01:41,647 I(3567|4175)[ME6]release
2024-10-12 19:01:41,678 I(3567|4175)[ME8]release
2024-10-12 19:01:41,683 I(3567|4175)[ME1]stop
2024-10-12 19:01:41,699 I(3567|4175)[ME1]release
2024-10-14 15:12:56,046 I(3917|4143)[ME2147483646]release
2024-10-14 15:12:56,390 I(3917|3949)[SP_KPI][Media][OPEN_CAMERA]: 114ms
2024-10-14 15:12:57,354 I(3917|4359)[SP_KPI][Media][OPEN_CAMERA]: 50ms
2024-10-14 15:12:58,499 I(3917|3942)[ME10]release
2024-10-14 15:12:58,539 I(3917|3942)[ME1]release
2024-10-14 15:12:58,576 I(3917|3942)[ME2]release
2024-10-14 15:12:58,600 I(3917|3942)[ME3]release
2024-10-14 15:12:58,625 I(3917|3942)[ME4]release
2024-10-14 15:12:58,650 I(3917|3942)[ME5]release
2024-10-14 15:12:58,675 I(3917|4271)[ME6]release
2024-10-14 15:12:58,701 I(3917|3942)[ME8]release
2024-10-14 15:12:58,893 I(3917|4359)[ME1]stop
2024-10-14 15:12:58,894 I(3917|4359)[SP_KPI][Media][STOP_RECORDER][MAINTENANCE_MEDIA] begin
2024-10-14 15:12:58,895 I(3917|4359)[SP_KPI][Media][STOP_PLAYER][MAINTENANCE_MEDIA] begin
2024-10-14 15:12:58,903 I(3917|3942)[ME1]release
2024-10-14 15:12:58,903 I(3917|3942)[SP_KPI][Media][RELEASE_RECORDER][MAINTENANCE_MEDIA] begin
2024-10-14 15:12:58,903 I(3917|3942)[SP_KPI][Media][RELEASE_PLAYER][MAINTENANCE_MEDIA] begin
2024-10-14 15:13:06,175 I(3917|5082)[SP_KPI][Media][OPEN_CAMERA]: 26ms
2024-10-14 15:13:20,978 I(5777|5799)[ME2147483646]release
2024-10-14 15:13:23,748 I(5777|5850)[SP_KPI][Media][OPEN_CAMERA]: 2503ms
2024-10-14 15:13:24,845 I(5777|5830)[SP_KPI][Media][OPEN_CAMERA]: 27ms
2024-10-14 17:01:18,138 I(5777|6266)[SP_KPI][Media][OPEN_CAMERA]: 33ms
2024-10-14 18:04:21,241 I(5777|6266)[SP_KPI][Media][OPEN_CAMERA]: 32ms
2024-10-14 19:07:25,732 I(5777|9591)[SP_KPI][Media][OPEN_CAMERA]: 22ms
2024-10-14 19:08:00,332 I(5777|6266)[SP_KPI][Media][OPEN_CAMERA]: 18ms
2024-10-14 19:08:08,796 I(5777|5830)[SP_KPI][Media][OPEN_CAMERA]: 22ms
2024-10-22 10:38:58,399 I(3925|4216)[ME2147483646]release
2024-10-22 10:38:58,597 I(3925|3947)[SP_KPI][Media][OPEN_CAMERA]: 61ms
2024-10-22 10:38:59,496 I(3925|3947)[SP_KPI][Media][OPEN_CAMERA]: 45ms
2024-10-22 10:39:00,637 I(3925|4509)[ME10]release
2024-10-22 10:39:00,664 I(3925|4509)[ME1]release
2024-10-22 10:39:00,694 I(3925|4509)[ME2]release
2024-10-22 10:39:00,734 I(3925|4509)[ME3]release
2024-10-22 10:39:00,755 I(3925|4509)[ME4]release
2024-10-22 10:39:00,801 I(3925|4509)[ME5]release
2024-10-22 10:39:00,822 I(3925|4509)[ME6]release
2024-10-22 10:39:00,838 I(3925|4509)[ME8]release
2024-10-22 10:39:01,029 I(3925|3943)[ME1]stop
2024-10-22 10:39:01,030 I(3925|3943)[SP_KPI][Media][STOP_RECORDER][MAINTENANCE_MEDIA] begin
2024-10-22 10:39:01,031 I(3925|3943)[SP_KPI][Media][STOP_PLAYER][MAINTENANCE_MEDIA] begin
2024-10-22 10:39:01,033 I(3925|3943)[ME1]release
2024-10-22 10:39:01,033 I(3925|3943)[SP_KPI][Media][RELEASE_RECORDER][MAINTENANCE_MEDIA] begin
2024-10-22 10:39:01,034 I(3925|3943)[SP_KPI][Media][RELEASE_PLAYER][MAINTENANCE_MEDIA] begin
2024-10-22 10:39:20,960 I(3925|5110)[SP_KPI][Media][OPEN_CAMERA]: 26ms
2024-10-22 10:39:37,419 I(3925|5116)[SP_KPI][Media][OPEN_CAMERA]: 25ms
2024-10-22 10:40:07,602 I(5928|5951)[ME2147483646]release
2024-10-22 10:40:10,399 I(5928|5973)[SP_KPI][Media][OPEN_CAMERA]: 2504ms
2024-10-22 10:40:11,482 I(5928|5973)[SP_KPI][Media][OPEN_CAMERA]: 16ms
2024-10-22 10:41:33,788 I(5928|6376)[SP_KPI][Media][OPEN_CAMERA]: 24ms
2024-10-22 10:42:26,761 I(5928|6376)[SP_KPI][Media][OPEN_CAMERA]: 26ms
2024-10-22 10:42:29,510 I(5928|5984)[SP_KPI][Media][OPEN_CAMERA]: 19ms
2024-10-22 10:42:44,831 I(5928|6022)[SP_KPI][Media][OPEN_CAMERA]: 22ms
2024-10-22 10:43:06,509 I(5928|5975)[SP_KPI][Media][OPEN_CAMERA]: 13ms
2024-10-22 10:43:06,780 I(5928|5975)[SP_KPI][Media][START_RECORDER][MAINTENANCE_MEDIA] begin
2024-10-22 10:43:06,784 I(5928|5975)[RCD8_ME101]startVideoStream, encoder:5,remoteIp valid:false,ports:-*******/-*******,colorReversed:false,quality:1280x720_25_1800000_2,mVideoPT:104,mExtraBytesNum:0
2024-10-22 10:43:07,951 I(5928|7556)[SP_KPI][Media][CODEC_FIRST_DATA]: Poll first Codec data, isAudio: true
2024-10-22 10:43:08,011 I(5928|5975)[SP_KPI][Media][START_RECORDER] end
2024-10-22 10:43:09,040 I(5928|7477)[SP_KPI][Media][CODEC_FIRST_DATA]: Poll first Codec data, isAudio: false
2024-10-22 10:45:11,059 I(5928|5944)[SP_KPI][Media][STOP_RECORDER][MAINTENANCE_MEDIA] begin
2024-10-22 10:46:21,044 I(5928|5975)[SP_KPI][Media][OPEN_CAMERA]: 36ms
2024-10-22 11:19:14,949 I(5928|7067)[SP_KPI][Media][OPEN_CAMERA]: 27ms
2024-10-22 11:21:52,075 I(5928|9249)[SP_KPI][Media][OPEN_CAMERA]: 23ms
2024-10-22 11:22:49,533 I(5928|5945)[SP_KPI][Media][OPEN_CAMERA]: 11ms
2024-10-22 11:23:09,596 I(5928|9249)[SP_KPI][Media][OPEN_CAMERA]: 9ms
2024-10-22 11:24:02,565 I(5928|9059)[SP_KPI][Media][OPEN_CAMERA]: 22ms
2024-10-22 11:24:07,865 I(5928|9249)[SP_KPI][Media][OPEN_CAMERA]: 14ms
2024-10-22 11:24:08,125 I(5928|9249)[SP_KPI][Media][START_RECORDER][MAINTENANCE_MEDIA] begin
2024-10-22 11:24:08,127 I(5928|9249)[RCD8_ME101]startVideoStream, encoder:5,remoteIp valid:false,ports:-*******/-*******,colorReversed:false,quality:1280x720_25_1800000_2,mVideoPT:104,mExtraBytesNum:0
2024-10-22 11:24:08,745 I(5928|10848)[SP_KPI][Media][CODEC_FIRST_DATA]: Poll first Codec data, isAudio: true
2024-10-22 11:24:08,813 I(5928|9249)[SP_KPI][Media][START_RECORDER] end
2024-10-22 11:24:10,471 I(5928|10829)[SP_KPI][Media][CODEC_FIRST_DATA]: Poll first Codec data, isAudio: false
2024-10-22 11:24:16,832 I(5928|9249)[SP_KPI][Media][STOP_RECORDER][MAINTENANCE_MEDIA] begin
